<?xml version="1.0" encoding="UTF-8"?>
<testng-results ignored="0" total="3" passed="3" failed="0" skipped="0">
  <reporter-output>
    <line>
      <![CDATA[creatCustomer]]>
    </line>
  </reporter-output>
  <suite started-at="2023-03-31T20:41:22 IST" name="Default suite" finished-at="2023-03-31T20:42:28 IST" duration-ms="66589">
    <groups>
    </groups>
    <test started-at="2023-03-31T20:41:22 IST" name="Default test" finished-at="2023-03-31T20:42:28 IST" duration-ms="66589">
      <class name="com.actiTime.testScript.CustomerModule">
        <test-method is-config="true" signature="openBrowser()[pri:0, instance:com.actiTime.testScript.CustomerModule@2c767a52]" started-at="2023-03-31T20:41:22 IST" name="openBrowser" finished-at="2023-03-31T20:41:26 IST" duration-ms="4586" status="PASS">
          <reporter-output>
          </reporter-output>
        </test-method> <!-- openBrowser -->
        <test-method is-config="true" signature="logIn()[pri:0, instance:com.actiTime.testScript.CustomerModule@2c767a52]" started-at="2023-03-31T20:41:26 IST" name="logIn" finished-at="2023-03-31T20:41:37 IST" duration-ms="11065" status="PASS">
          <reporter-output>
          </reporter-output>
        </test-method> <!-- logIn -->
        <test-method signature="CreateNewTask()[pri:0, instance:com.actiTime.testScript.CustomerModule@2c767a52]" started-at="2023-03-31T20:41:37 IST" name="CreateNewTask" finished-at="2023-03-31T20:41:52 IST" duration-ms="14216" status="PASS">
          <reporter-output>
          </reporter-output>
        </test-method> <!-- CreateNewTask -->
        <test-method is-config="true" signature="logOut()[pri:0, instance:com.actiTime.testScript.CustomerModule@2c767a52]" started-at="2023-03-31T20:41:52 IST" name="logOut" finished-at="2023-03-31T20:41:55 IST" duration-ms="3119" status="PASS">
          <reporter-output>
          </reporter-output>
        </test-method> <!-- logOut -->
        <test-method is-config="true" signature="logIn()[pri:0, instance:com.actiTime.testScript.CustomerModule@2c767a52]" started-at="2023-03-31T20:41:55 IST" name="logIn" finished-at="2023-03-31T20:41:59 IST" duration-ms="3890" status="PASS">
          <reporter-output>
          </reporter-output>
        </test-method> <!-- logIn -->
        <test-method signature="creatCustomer()[pri:0, instance:com.actiTime.testScript.CustomerModule@2c767a52]" started-at="2023-03-31T20:41:59 IST" name="creatCustomer" finished-at="2023-03-31T20:42:10 IST" duration-ms="11562" status="PASS">
          <reporter-output>
            <line>
              <![CDATA[creatCustomer]]>
            </line>
          </reporter-output>
        </test-method> <!-- creatCustomer -->
        <test-method is-config="true" signature="logOut()[pri:0, instance:com.actiTime.testScript.CustomerModule@2c767a52]" started-at="2023-03-31T20:42:10 IST" name="logOut" finished-at="2023-03-31T20:42:12 IST" duration-ms="2076" status="PASS">
          <reporter-output>
          </reporter-output>
        </test-method> <!-- logOut -->
        <test-method is-config="true" signature="logIn()[pri:0, instance:com.actiTime.testScript.CustomerModule@2c767a52]" started-at="2023-03-31T20:42:12 IST" name="logIn" finished-at="2023-03-31T20:42:15 IST" duration-ms="2465" status="PASS">
          <reporter-output>
          </reporter-output>
        </test-method> <!-- logIn -->
        <test-method signature="createNewProject()[pri:0, instance:com.actiTime.testScript.CustomerModule@2c767a52]" started-at="2023-03-31T20:42:15 IST" name="createNewProject" finished-at="2023-03-31T20:42:25 IST" duration-ms="10044" status="PASS">
          <reporter-output>
          </reporter-output>
        </test-method> <!-- createNewProject -->
        <test-method is-config="true" signature="logOut()[pri:0, instance:com.actiTime.testScript.CustomerModule@2c767a52]" started-at="2023-03-31T20:42:25 IST" name="logOut" finished-at="2023-03-31T20:42:28 IST" duration-ms="3096" status="PASS">
          <reporter-output>
          </reporter-output>
        </test-method> <!-- logOut -->
        <test-method is-config="true" signature="closeBrowser()[pri:0, instance:com.actiTime.testScript.CustomerModule@2c767a52]" started-at="2023-03-31T20:42:28 IST" name="closeBrowser" finished-at="2023-03-31T20:42:28 IST" duration-ms="351" status="PASS">
          <reporter-output>
          </reporter-output>
        </test-method> <!-- closeBrowser -->
      </class> <!-- com.actiTime.testScript.CustomerModule -->
    </test> <!-- Default test -->
  </suite> <!-- Default suite -->
</testng-results>
