<?xml version="1.0" encoding="UTF-8"?>
<!-- Generated by org.testng.reporters.JUnitXMLReporter -->
<testsuite ignored="0" hostname="DESKTOP-LH46NDJ" failures="0" tests="3" name="Default test" time="66.589" errors="0" timestamp="2023-03-31T20:42:28 IST">
  <testcase classname="com.actiTime.testScript.CustomerModule" name="CreateNewTask" time="14.216"/>
  <testcase classname="com.actiTime.testScript.CustomerModule" name="creatCustomer" time="11.562"/>
  <testcase classname="com.actiTime.testScript.CustomerModule" name="createNewProject" time="10.044"/>
</testsuite> <!-- Default test -->
